Start testing: Apr 16 12:50 CDT
----------------------------------------------------------
1/1 Testing: CompressorTests
1/1 Test: CompressorTests
Command: "/Users/cameronprzybylski/Documents/C++/C++ Projects/FileCompressor/build/test/compressortest"
Directory: /Users/cameronprzybylski/Documents/C++/C++ Projects/FileCompressor/build/test
"CompressorTests" start time: Apr 16 12:50 CDT
Output:
----------------------------------------------------------
[==========] Running 4 tests from 3 test suites.
[----------] Global test environment set-up.
[----------] 1 test from ExampleTest
[ RUN      ] ExampleTest.Sample
[       OK ] ExampleTest.Sample (0 ms)
[----------] 1 test from ExampleTest (0 ms total)

[----------] 2 tests from TestFileHandler
[ RUN      ] TestFileHandler.TestReadFile
[       OK ] TestFileHandler.TestReadFile (0 ms)
[ RUN      ] TestFileHandler.TestWriteFile
[       OK ] TestFileHandler.TestWriteFile (2 ms)
[----------] 2 tests from TestFileHandler (3 ms total)

[----------] 1 test from TestHuffmanTree
[ RUN      ] TestHuffmanTree.TestNodesByFreq
[       OK ] TestHuffmanTree.TestNodesByFreq (0 ms)
[----------] 1 test from TestHuffmanTree (0 ms total)

[----------] Global test environment tear-down
[==========] 4 tests from 3 test suites ran. (3 ms total)
[  PASSED  ] 4 tests.
<end of output>
Test time =   0.37 sec
----------------------------------------------------------
Test Passed.
"CompressorTests" end time: Apr 16 12:50 CDT
"CompressorTests" time elapsed: 00:00:00
----------------------------------------------------------

End testing: Apr 16 12:50 CDT
